\BOOKMARK [2][-]{section*.1}{\376\377\000T\000u\000t\000o\000r\000i\000a\000l\000\040\000t\000e\000n\000t\000a\000t\000i\000v\000o\000:}{}
\BOOKMARK [2][-]{section*.2}{\376\377\000A\000P\000U\000N\000T\000E\000S\000\040\000D\000E\000\040\000L\000A\000\040\000E\000N\000C\000U\000E\000S\000T\000A\000\040\000D\000E\000\040\000E\000V\000A\000L\000U\000A\000C\000I\000\323\000N\000\040\0002\0000\0001\0003}{}
\BOOKMARK [2][-]{section*.3}{\376\377\0001\000\040\000I\000n\000t\000e\000r\000f\000a\000z\000\040\000d\000e\000\040\000R\000\040\000y\000\040\000R\000S\000t\000u\000d\000i\000o}{}
\BOOKMARK [3][-]{section*.4}{\376\377\0001\000.\0001\000\040\000C\000r\000e\000a\000c\000i\000\363\000n\000\040\000d\000e\000\040\000u\000n\000\040\000p\000r\000o\000y\000e\000c\000t\000o\000\040\000e\000n\000\040\000R\000S\000t\000u\000d\000i\000o}{section*.3}
\BOOKMARK [3][-]{section*.5}{\376\377\0001\000.\0002\000\040\000C\000o\000d\000i\000f\000i\000c\000a\000c\000i\000\363\000n}{section*.3}
\BOOKMARK [3][-]{section*.6}{\376\377\0001\000.\0003\000\040\000D\000i\000r\000e\000c\000t\000o\000r\000i\000o\000\040\000d\000e\000\040\000t\000r\000a\000b\000a\000j\000o}{section*.3}
\BOOKMARK [3][-]{section*.7}{\376\377\0001\000.\0004\000\040\000C\000o\000n\000s\000o\000l\000a\000\040\000v\000s\000.\000\040\000e\000d\000i\000t\000o\000r\000\040\000d\000e\000\040\000t\000e\000x\000t\000o\000\040\000p\000l\000a\000n\000o}{section*.3}
\BOOKMARK [3][-]{section*.8}{\376\377\0001\000.\0005\000\040\000E\000l\000\040\000c\000o\000m\000m\000a\000n\000d\000\040\000p\000r\000o\000m\000p}{section*.3}
\BOOKMARK [3][-]{section*.9}{\376\377\0001\000.\0006\000\040\000M\000e\000n\000s\000a\000j\000e\000s\000\040\000d\000e\000\040\000E\000r\000r\000o\000r\000\040\000y\000\040\000d\000e\000\040\000A\000d\000v\000e\000r\000t\000e\000n\000c\000i\000a\000.}{section*.3}
\BOOKMARK [2][-]{section*.11}{\376\377\0002\000\040\000E\000l\000e\000m\000e\000n\000t\000o\000s\000\040\000b\000\341\000s\000i\000c\000o\000s\000\040\000d\000e\000\040\000l\000a\000\040\000s\000i\000n\000t\000a\000x\000i\000s}{}
\BOOKMARK [3][-]{section*.12}{\376\377\0002\000.\0001\000\040\000A\000l\000g\000u\000n\000a\000s\000\040\000m\000a\000n\000i\000p\000u\000l\000a\000c\000i\000o\000n\000e\000s\000\040\000s\000i\000m\000p\000l\000e\000s}{section*.11}
\BOOKMARK [3][-]{section*.13}{\376\377\000S\000e\000c\000u\000e\000n\000c\000i\000a\000s\000\040\000d\000e\000\040\000n\000\372\000m\000e\000r\000o\000s}{section*.11}
\BOOKMARK [3][-]{section*.14}{\376\377\000P\000e\000g\000a\000n\000d\000o\000\040\000c\000o\000s\000a\000s}{section*.11}
\BOOKMARK [3][-]{section*.15}{\376\377\000C\000a\000m\000b\000i\000a\000n\000d\000o\000\040\000v\000a\000l\000o\000r\000e\000s}{section*.11}
\BOOKMARK [3][-]{section*.16}{\376\377\000E\000x\000t\000r\000a\000y\000e\000n\000d\000o\000\040\000v\000a\000l\000o\000r\000e\000s}{section*.11}
\BOOKMARK [3][-]{section*.17}{\376\377\000F\000u\000n\000c\000i\000o\000n\000e\000s\000\040\000\046\000\040\000o\000p\000e\000r\000a\000d\000o\000r\000e\000s}{section*.11}
\BOOKMARK [2][-]{section*.20}{\376\377\0003\000\040\000R\000e\000p\000a\000r\000t\000i\000d\000o\000s}{}
\BOOKMARK [3][-]{section*.21}{\376\377\000S\000o\000l\000u\000c\000i\000o\000n\000e\000s\000\040\000`\000`\000g\000e\000n\000\351\000r\000i\000c\000a\000s\000'\000'}{section*.20}
\BOOKMARK [3][-]{section*.22}{\376\377\000E\000l\000\040\000f\000o\000r\000m\000a\000t\000o\000\040\000d\000e\000\040\000l\000o\000s\000\040\000e\000j\000e\000r\000c\000i\000c\000i\000o\000s}{section*.20}
\BOOKMARK [3][-]{section*.23}{\376\377\000U\000s\000a\000n\000d\000o\000\040\000l\000a\000\040\000f\000u\000n\000c\000i\000\363\000n\000\040\000e\000v\000a\000l\000u\000a\000r}{section*.20}
\BOOKMARK [3][-]{section*.25}{\376\377\000R\000e\000c\000o\000m\000e\000n\000d\000a\000c\000i\000\363\000n\000\040\000g\000e\000n\000e\000r\000a\000l\000:}{section*.20}
\BOOKMARK [3][-]{section*.26}{\376\377\000M\000e\000n\000s\000a\000j\000e\000s\000\040\000d\000e\000\040\000a\000d\000v\000e\000r\000t\000e\000n\000c\000i\000a}{section*.20}
\BOOKMARK [3][-]{section*.28}{\376\377\000E\000l\000\040\000p\000u\000n\000t\000a\000j\000e\000\040\000y\000\040\000l\000a\000s\000\040\000n\000o\000t\000a\000s}{section*.20}
\BOOKMARK [3][-]{section*.30}{\376\377\000E\000l\000\040\000a\000r\000c\000h\000i\000v\000o\000\040\000d\000a\000t\000o\000s}{section*.20}
\BOOKMARK [2][-]{section*.31}{\376\377\000U\000s\000o\000\040\000d\000e\000l\000\040\000f\000o\000r\000o}{}
\BOOKMARK [3][-]{section*.32}{\376\377\000S\000o\000b\000r\000e\000\040\000r\000e\000d\000d\000i\000t\000.\000c\000o\000m}{section*.31}
